#-----------------------------------------------------------
# Vivado v2017.2 (64-bit)
# SW Build 1909853 on Thu Jun 15 18:39:10 MDT 2017
# IP Build 1909766 on Thu Jun 15 19:58:00 MDT 2017
# Start of session at: Thu Dec  5 17:38:10 2024
# Process ID: 30694
# Current directory: /home/stephane/workbench/hdl/litex-template
# Command line: vivado build/digilent_zedboard/gateware/digilent_zedboard.xpr
# Log file: /home/stephane/workbench/hdl/litex-template/vivado.log
# Journal file: /home/stephane/workbench/hdl/litex-template/vivado.jou
#-----------------------------------------------------------
Sourcing tcl script '/home/stephane/.Xilinx/Vivado/Vivado_init.tcl'
start_gui
open_project build/digilent_zedboard/gateware/digilent_zedboard.xpr
Scanning sources...
Finished scanning sources
INFO: [IP_Flow 19-234] Refreshing IP repositories
INFO: [IP_Flow 19-1704] No user IP repositories specified
INFO: [IP_Flow 19-2313] Loaded Vivado IP repository '/mnt/sda2/tools/Xilinx/Vivado/2017.2/data/ip'.
update_compile_order -fileset sources_1
exit
INFO: [Common 17-206] Exiting Vivado at Thu Dec  5 17:40:45 2024...
